<?xml version="1.0" encoding="UTF-8"?>
<!-- Generated by org.testng.reporters.JUnitXMLReporter -->
<testsuite ignored="0" hostname="DESKTOP-SEKDPB4" failures="4" tests="4" name="FirefoxTest" time="28.665" errors="0" timestamp="2022-09-19T09:57:19 IST">
  <testcase classname="tests.TestNGClass2" name="verifyContactToHelpCenterButton" time="0.849">
    <failure type="java.lang.AssertionError" message="The following asserts failed:
	URL of Home is wrong expected [https://www.messenger.com/hel] but found [https://www.messenger.com/help],
	Title of Home page is wrong expected [Messenger Help Centr] but found [Messenger Help Centre]">
      <![CDATA[java.lang.AssertionError: The following asserts failed:
URL of Home is wrong expected [https://www.messenger.com/hel] but found [https://www.messenger.com/help],
Title of Home page is wrong expected [Messenger Help Centr] but found [Messenger Help Centre]
at tests.TestNGClass2.verifyContactToHelpCenterButton(TestNGClass2.java:100)
at java.base/java.util.ArrayList.forEach(ArrayList.java:1511)
at java.base/java.util.concurrent.FutureTask.run(FutureTask.java:264)
at java.base/java.util.concurrent.ThreadPoolExecutor.runWorker(ThreadPoolExecutor.java:1136)
at java.base/java.util.concurrent.ThreadPoolExecutor$Worker.run(ThreadPoolExecutor.java:635)
at java.base/java.lang.Thread.run(Thread.java:833)
... Removed 18 stack frames]]>
    </failure>
  </testcase> <!-- verifyContactToHelpCenterButton -->
  <testcase classname="tests.TestNGClass2" name="verifyReturnToMessangerButton" time="1.525">
    <failure type="java.lang.AssertionError" message="The following asserts failed:
	expected [https://www.messenger.co/] but found [https://www.messenger.com/],
	expected [Messenge] but found [Messenger]">
      <![CDATA[java.lang.AssertionError: The following asserts failed:
expected [https://www.messenger.co/] but found [https://www.messenger.com/],
expected [Messenge] but found [Messenger]
at tests.TestNGClass2.verifyReturnToMessangerButton(TestNGClass2.java:86)
at java.base/java.util.ArrayList.forEach(ArrayList.java:1511)
at java.base/java.util.concurrent.FutureTask.run(FutureTask.java:264)
at java.base/java.util.concurrent.ThreadPoolExecutor.runWorker(ThreadPoolExecutor.java:1136)
at java.base/java.util.concurrent.ThreadPoolExecutor$Worker.run(ThreadPoolExecutor.java:635)
at java.base/java.lang.Thread.run(Thread.java:833)
... Removed 18 stack frames]]>
    </failure>
  </testcase> <!-- verifyReturnToMessangerButton -->
  <testcase classname="tests.VerifyRoomsPage" name="verifyContactToHelpCenterButton" time="1.015">
    <failure type="java.lang.AssertionError" message="The following asserts failed:
	URL of Home is wrong expected [https://www.messenger.com/hel] but found [https://www.messenger.com/help],
	Title of Home page is wrong expected [Messenger Help Centr] but found [Messenger Help Centre]">
      <![CDATA[java.lang.AssertionError: The following asserts failed:
URL of Home is wrong expected [https://www.messenger.com/hel] but found [https://www.messenger.com/help],
Title of Home page is wrong expected [Messenger Help Centr] but found [Messenger Help Centre]
at tests.VerifyRoomsPage.verifyContactToHelpCenterButton(VerifyRoomsPage.java:101)
at java.base/java.util.ArrayList.forEach(ArrayList.java:1511)
at java.base/java.util.concurrent.FutureTask.run(FutureTask.java:264)
at java.base/java.util.concurrent.ThreadPoolExecutor.runWorker(ThreadPoolExecutor.java:1136)
at java.base/java.util.concurrent.ThreadPoolExecutor$Worker.run(ThreadPoolExecutor.java:635)
at java.base/java.lang.Thread.run(Thread.java:833)
... Removed 18 stack frames]]>
    </failure>
  </testcase> <!-- verifyContactToHelpCenterButton -->
  <testcase classname="tests.VerifyRoomsPage" name="verifyReturnToMessangerButton" time="1.487">
    <failure type="java.lang.AssertionError" message="The following asserts failed:
	expected [https://www.messenger.co/] but found [https://www.messenger.com/],
	expected [Messenge] but found [Messenger]">
      <![CDATA[java.lang.AssertionError: The following asserts failed:
expected [https://www.messenger.co/] but found [https://www.messenger.com/],
expected [Messenge] but found [Messenger]
at tests.VerifyRoomsPage.verifyReturnToMessangerButton(VerifyRoomsPage.java:87)
at java.base/java.util.ArrayList.forEach(ArrayList.java:1511)
at java.base/java.util.concurrent.FutureTask.run(FutureTask.java:264)
at java.base/java.util.concurrent.ThreadPoolExecutor.runWorker(ThreadPoolExecutor.java:1136)
at java.base/java.util.concurrent.ThreadPoolExecutor$Worker.run(ThreadPoolExecutor.java:635)
at java.base/java.lang.Thread.run(Thread.java:833)
... Removed 18 stack frames]]>
    </failure>
  </testcase> <!-- verifyReturnToMessangerButton -->
</testsuite> <!-- FirefoxTest -->
