<?xml version="1.0" encoding="UTF-8"?>
<!-- Generated by org.testng.reporters.JUnitXMLReporter -->
<testsuite ignored="0" hostname="DESKTOP-SEKDPB4" failures="0" tests="8" name="Test" time="0.102" errors="0" timestamp="2022-09-17T10:02:27 IST">
  <testcase classname="tests.TestClass1" name="test1" time="0.015"/>
  <testcase classname="tests.TestClass1" name="test2" time="0.001"/>
  <testcase classname="tests.TestClass1" name="test3" time="0.001"/>
  <testcase classname="tests.TestClass1" name="test4" time="0.001"/>
  <testcase classname="tests.TestClass2" name="testA" time="0.001"/>
  <testcase classname="tests.TestClass2" name="testB" time="0.002"/>
  <testcase classname="tests.TestClass2" name="testC" time="0.002"/>
  <testcase classname="tests.TestClass2" name="testD" time="0.002"/>
</testsuite> <!-- Test -->
